Analysis & Synthesis report for ULA
Fri Oct 26 18:57:54 2018
Quartus Prime Version 18.0.0 Build 614 04/24/2018 SJ Lite Edition


---------------------
; Table of Contents ;
---------------------
  1. Legal Notice
  2. Analysis & Synthesis Summary
  3. Analysis & Synthesis Settings
  4. Parallel Compilation
  5. Analysis & Synthesis Source Files Read
  6. Analysis & Synthesis Resource Usage Summary
  7. Analysis & Synthesis Resource Utilization by Entity
  8. General Register Statistics
  9. Multiplexer Restructuring Statistics (Restructuring Performed)
 10. Post-Synthesis Netlist Statistics for Top Partition
 11. Elapsed Time Per Partition
 12. Analysis & Synthesis Messages



----------------
; Legal Notice ;
----------------
Copyright (C) 2018  Intel Corporation. All rights reserved.
Your use of Intel Corporation's design tools, logic functions 
and other software and tools, and its AMPP partner logic 
functions, and any output files from any of the foregoing 
(including device programming or simulation files), and any 
associated documentation or information are expressly subject 
to the terms and conditions of the Intel Program License 
Subscription Agreement, the Intel Quartus Prime License Agreement,
the Intel FPGA IP License Agreement, or other applicable license
agreement, including, without limitation, that your use is for
the sole purpose of programming logic devices manufactured by
Intel and sold by Intel or its authorized distributors.  Please
refer to the applicable agreement for further details.



+-------------------------------------------------------------------------------+
; Analysis & Synthesis Summary                                                  ;
+---------------------------------+---------------------------------------------+
; Analysis & Synthesis Status     ; Successful - Fri Oct 26 18:57:54 2018       ;
; Quartus Prime Version           ; 18.0.0 Build 614 04/24/2018 SJ Lite Edition ;
; Revision Name                   ; ULA                                         ;
; Top-level Entity Name           ; ULA                                         ;
; Family                          ; Cyclone V                                   ;
; Logic utilization (in ALMs)     ; N/A                                         ;
; Total registers                 ; 0                                           ;
; Total pins                      ; 52                                          ;
; Total virtual pins              ; 0                                           ;
; Total block memory bits         ; 0                                           ;
; Total DSP Blocks                ; 0                                           ;
; Total HSSI RX PCSs              ; 0                                           ;
; Total HSSI PMA RX Deserializers ; 0                                           ;
; Total HSSI TX PCSs              ; 0                                           ;
; Total HSSI PMA TX Serializers   ; 0                                           ;
; Total PLLs                      ; 0                                           ;
; Total DLLs                      ; 0                                           ;
+---------------------------------+---------------------------------------------+


+---------------------------------------------------------------------------------------------------------------------------+
; Analysis & Synthesis Settings                                                                                             ;
+---------------------------------------------------------------------------------+--------------------+--------------------+
; Option                                                                          ; Setting            ; Default Value      ;
+---------------------------------------------------------------------------------+--------------------+--------------------+
; Device                                                                          ; 5CGXFC7C7F23C8     ;                    ;
; Top-level entity name                                                           ; ULA                ; ULA                ;
; Family name                                                                     ; Cyclone V          ; Cyclone V          ;
; Use smart compilation                                                           ; Off                ; Off                ;
; Enable parallel Assembler and Timing Analyzer during compilation                ; On                 ; On                 ;
; Enable compact report table                                                     ; Off                ; Off                ;
; Restructure Multiplexers                                                        ; Auto               ; Auto               ;
; MLAB Add Timing Constraints For Mixed-Port Feed-Through Mode Setting Don't Care ; Off                ; Off                ;
; Create Debugging Nodes for IP Cores                                             ; Off                ; Off                ;
; Preserve fewer node names                                                       ; On                 ; On                 ;
; Intel FPGA IP Evaluation Mode                                                   ; Enable             ; Enable             ;
; Verilog Version                                                                 ; Verilog_2001       ; Verilog_2001       ;
; VHDL Version                                                                    ; VHDL_1993          ; VHDL_1993          ;
; State Machine Processing                                                        ; Auto               ; Auto               ;
; Safe State Machine                                                              ; Off                ; Off                ;
; Extract Verilog State Machines                                                  ; On                 ; On                 ;
; Extract VHDL State Machines                                                     ; On                 ; On                 ;
; Ignore Verilog initial constructs                                               ; Off                ; Off                ;
; Iteration limit for constant Verilog loops                                      ; 5000               ; 5000               ;
; Iteration limit for non-constant Verilog loops                                  ; 250                ; 250                ;
; Add Pass-Through Logic to Inferred RAMs                                         ; On                 ; On                 ;
; Infer RAMs from Raw Logic                                                       ; On                 ; On                 ;
; Parallel Synthesis                                                              ; On                 ; On                 ;
; DSP Block Balancing                                                             ; Auto               ; Auto               ;
; NOT Gate Push-Back                                                              ; On                 ; On                 ;
; Power-Up Don't Care                                                             ; On                 ; On                 ;
; Remove Redundant Logic Cells                                                    ; Off                ; Off                ;
; Remove Duplicate Registers                                                      ; On                 ; On                 ;
; Ignore CARRY Buffers                                                            ; Off                ; Off                ;
; Ignore CASCADE Buffers                                                          ; Off                ; Off                ;
; Ignore GLOBAL Buffers                                                           ; Off                ; Off                ;
; Ignore ROW GLOBAL Buffers                                                       ; Off                ; Off                ;
; Ignore LCELL Buffers                                                            ; Off                ; Off                ;
; Ignore SOFT Buffers                                                             ; On                 ; On                 ;
; Limit AHDL Integers to 32 Bits                                                  ; Off                ; Off                ;
; Optimization Technique                                                          ; Balanced           ; Balanced           ;
; Carry Chain Length                                                              ; 70                 ; 70                 ;
; Auto Carry Chains                                                               ; On                 ; On                 ;
; Auto Open-Drain Pins                                                            ; On                 ; On                 ;
; Perform WYSIWYG Primitive Resynthesis                                           ; Off                ; Off                ;
; Auto ROM Replacement                                                            ; On                 ; On                 ;
; Auto RAM Replacement                                                            ; On                 ; On                 ;
; Auto DSP Block Replacement                                                      ; On                 ; On                 ;
; Auto Shift Register Replacement                                                 ; Auto               ; Auto               ;
; Allow Shift Register Merging across Hierarchies                                 ; Auto               ; Auto               ;
; Auto Clock Enable Replacement                                                   ; On                 ; On                 ;
; Strict RAM Replacement                                                          ; Off                ; Off                ;
; Allow Synchronous Control Signals                                               ; On                 ; On                 ;
; Force Use of Synchronous Clear Signals                                          ; Off                ; Off                ;
; Auto Resource Sharing                                                           ; Off                ; Off                ;
; Allow Any RAM Size For Recognition                                              ; Off                ; Off                ;
; Allow Any ROM Size For Recognition                                              ; Off                ; Off                ;
; Allow Any Shift Register Size For Recognition                                   ; Off                ; Off                ;
; Use LogicLock Constraints during Resource Balancing                             ; On                 ; On                 ;
; Ignore translate_off and synthesis_off directives                               ; Off                ; Off                ;
; Timing-Driven Synthesis                                                         ; On                 ; On                 ;
; Report Parameter Settings                                                       ; On                 ; On                 ;
; Report Source Assignments                                                       ; On                 ; On                 ;
; Report Connectivity Checks                                                      ; On                 ; On                 ;
; Ignore Maximum Fan-Out Assignments                                              ; Off                ; Off                ;
; Synchronization Register Chain Length                                           ; 3                  ; 3                  ;
; Power Optimization During Synthesis                                             ; Normal compilation ; Normal compilation ;
; HDL message level                                                               ; Level2             ; Level2             ;
; Suppress Register Optimization Related Messages                                 ; Off                ; Off                ;
; Number of Removed Registers Reported in Synthesis Report                        ; 5000               ; 5000               ;
; Number of Swept Nodes Reported in Synthesis Report                              ; 5000               ; 5000               ;
; Number of Inverted Registers Reported in Synthesis Report                       ; 100                ; 100                ;
; Clock MUX Protection                                                            ; On                 ; On                 ;
; Auto Gated Clock Conversion                                                     ; Off                ; Off                ;
; Block Design Naming                                                             ; Auto               ; Auto               ;
; SDC constraint protection                                                       ; Off                ; Off                ;
; Synthesis Effort                                                                ; Auto               ; Auto               ;
; Shift Register Replacement - Allow Asynchronous Clear Signal                    ; On                 ; On                 ;
; Pre-Mapping Resynthesis Optimization                                            ; Off                ; Off                ;
; Analysis & Synthesis Message Level                                              ; Medium             ; Medium             ;
; Disable Register Merging Across Hierarchies                                     ; Auto               ; Auto               ;
; Resource Aware Inference For Block RAM                                          ; On                 ; On                 ;
; Automatic Parallel Synthesis                                                    ; On                 ; On                 ;
; Partial Reconfiguration Bitstream ID                                            ; Off                ; Off                ;
+---------------------------------------------------------------------------------+--------------------+--------------------+


+------------------------------------------+
; Parallel Compilation                     ;
+----------------------------+-------------+
; Processors                 ; Number      ;
+----------------------------+-------------+
; Number detected on machine ; 4           ;
; Maximum allowed            ; 2           ;
;                            ;             ;
; Average used               ; 1.00        ;
; Maximum used               ; 1           ;
;                            ;             ;
; Usage by Processor         ; % Time Used ;
;     Processor 1            ; 100.0%      ;
+----------------------------+-------------+


+-------------------------------------------------------------------------------------------------------------------------------------------------------+
; Analysis & Synthesis Source Files Read                                                                                                                ;
+----------------------------------+-----------------+-----------------+----------------------------------------------------------------------+---------+
; File Name with User-Entered Path ; Used in Netlist ; File Type       ; File Name with Absolute Path                                         ; Library ;
+----------------------------------+-----------------+-----------------+----------------------------------------------------------------------+---------+
; Adder16Bits.vhd                  ; yes             ; User VHDL File  ; C:/Users/Kook Ho/Desktop/LabAOC/Componentes/ULA/Adder16Bits.vhd      ;         ;
; Subtractor.vhd                   ; yes             ; User VHDL File  ; C:/Users/Kook Ho/Desktop/LabAOC/Componentes/ULA/Subtractor.vhd       ;         ;
; ANDPort.vhd                      ; yes             ; User VHDL File  ; C:/Users/Kook Ho/Desktop/LabAOC/Componentes/ULA/ANDPort.vhd          ;         ;
; NOTPort.vhd                      ; yes             ; User VHDL File  ; C:/Users/Kook Ho/Desktop/LabAOC/Componentes/ULA/NOTPort.vhd          ;         ;
; ORPort.vhd                       ; yes             ; User VHDL File  ; C:/Users/Kook Ho/Desktop/LabAOC/Componentes/ULA/ORPort.vhd           ;         ;
; XORPort.vhd                      ; yes             ; User VHDL File  ; C:/Users/Kook Ho/Desktop/LabAOC/Componentes/ULA/XORPort.vhd          ;         ;
; ULA.vhd                          ; yes             ; User VHDL File  ; C:/Users/Kook Ho/Desktop/LabAOC/Componentes/ULA/ULA.vhd              ;         ;
; NANDPort.vhd                     ; yes             ; User VHDL File  ; C:/Users/Kook Ho/Desktop/LabAOC/Componentes/ULA/NANDPort.vhd         ;         ;
; NORPort.vhd                      ; yes             ; User VHDL File  ; C:/Users/Kook Ho/Desktop/LabAOC/Componentes/ULA/NORPort.vhd          ;         ;
; TheMultiplexador.vhd             ; yes             ; User VHDL File  ; C:/Users/Kook Ho/Desktop/LabAOC/Componentes/ULA/TheMultiplexador.vhd ;         ;
; ShiftDir.vhd                     ; yes             ; User VHDL File  ; C:/Users/Kook Ho/Desktop/LabAOC/Componentes/ULA/ShiftDir.vhd         ;         ;
; ShiftEsq.vhd                     ; yes             ; User VHDL File  ; C:/Users/Kook Ho/Desktop/LabAOC/Componentes/ULA/ShiftEsq.vhd         ;         ;
+----------------------------------+-----------------+-----------------+----------------------------------------------------------------------+---------+


+--------------------------------------------------------------+
; Analysis & Synthesis Resource Usage Summary                  ;
+---------------------------------------------+----------------+
; Resource                                    ; Usage          ;
+---------------------------------------------+----------------+
; Estimate of Logic utilization (ALMs needed) ; 21             ;
;                                             ;                ;
; Combinational ALUT usage for logic          ; 39             ;
;     -- 7 input functions                    ; 0              ;
;     -- 6 input functions                    ; 3              ;
;     -- 5 input functions                    ; 15             ;
;     -- 4 input functions                    ; 4              ;
;     -- <=3 input functions                  ; 17             ;
;                                             ;                ;
; Dedicated logic registers                   ; 0              ;
;                                             ;                ;
; I/O pins                                    ; 52             ;
;                                             ;                ;
; Total DSP Blocks                            ; 0              ;
;                                             ;                ;
; Maximum fan-out node                        ; OPULA[1]~input ;
; Maximum fan-out                             ; 20             ;
; Total fan-out                               ; 242            ;
; Average fan-out                             ; 1.69           ;
+---------------------------------------------+----------------+


+---------------------------------------------------------------------------------------------------------------------------------------------------------------------------------------------------+
; Analysis & Synthesis Resource Utilization by Entity                                                                                                                                               ;
+----------------------------+---------------------+---------------------------+-------------------+------------+------+--------------+---------------------------+------------------+--------------+
; Compilation Hierarchy Node ; Combinational ALUTs ; Dedicated Logic Registers ; Block Memory Bits ; DSP Blocks ; Pins ; Virtual Pins ; Full Hierarchy Name       ; Entity Name      ; Library Name ;
+----------------------------+---------------------+---------------------------+-------------------+------------+------+--------------+---------------------------+------------------+--------------+
; |ULA                       ; 39 (0)              ; 0 (0)                     ; 0                 ; 0          ; 52   ; 0            ; |ULA                      ; ULA              ; work         ;
;    |Subtractor:G6|         ; 17 (17)             ; 0 (0)                     ; 0                 ; 0          ; 0    ; 0            ; |ULA|Subtractor:G6        ; Subtractor       ; work         ;
;    |TheMultiplexador:G11|  ; 22 (22)             ; 0 (0)                     ; 0                 ; 0          ; 0    ; 0            ; |ULA|TheMultiplexador:G11 ; TheMultiplexador ; work         ;
+----------------------------+---------------------+---------------------------+-------------------+------------+------+--------------+---------------------------+------------------+--------------+
Note: For table entries with two numbers listed, the numbers in parentheses indicate the number of resources of the given type used by the specific entity alone. The numbers listed outside of parentheses indicate the total resources of the given type used by the specific entity and all of its sub-entities in the hierarchy.


+------------------------------------------------------+
; General Register Statistics                          ;
+----------------------------------------------+-------+
; Statistic                                    ; Value ;
+----------------------------------------------+-------+
; Total registers                              ; 0     ;
; Number of registers using Synchronous Clear  ; 0     ;
; Number of registers using Synchronous Load   ; 0     ;
; Number of registers using Asynchronous Clear ; 0     ;
; Number of registers using Asynchronous Load  ; 0     ;
; Number of registers using Clock Enable       ; 0     ;
; Number of registers using Preset             ; 0     ;
+----------------------------------------------+-------+


+-----------------------------------------------------------------------------------------------------------------------------------------------+
; Multiplexer Restructuring Statistics (Restructuring Performed)                                                                                ;
+--------------------+-----------+---------------+----------------------+------------------------+------------+---------------------------------+
; Multiplexer Inputs ; Bus Width ; Baseline Area ; Area if Restructured ; Saving if Restructured ; Registered ; Example Multiplexer Output      ;
+--------------------+-----------+---------------+----------------------+------------------------+------------+---------------------------------+
; 10:1               ; 11 bits   ; 66 LEs        ; 44 LEs               ; 22 LEs                 ; No         ; |ULA|TheMultiplexador:G11|Mux8  ;
; 10:1               ; 3 bits    ; 18 LEs        ; 12 LEs               ; 6 LEs                  ; No         ; |ULA|TheMultiplexador:G11|Mux11 ;
+--------------------+-----------+---------------+----------------------+------------------------+------------+---------------------------------+


+-----------------------------------------------------+
; Post-Synthesis Netlist Statistics for Top Partition ;
+-----------------------+-----------------------------+
; Type                  ; Count                       ;
+-----------------------+-----------------------------+
; arriav_lcell_comb     ; 39                          ;
;     arith             ; 17                          ;
;         1 data inputs ; 1                           ;
;         3 data inputs ; 16                          ;
;     normal            ; 22                          ;
;         4 data inputs ; 4                           ;
;         5 data inputs ; 15                          ;
;         6 data inputs ; 3                           ;
; boundary_port         ; 52                          ;
;                       ;                             ;
; Max LUT depth         ; 3.60                        ;
; Average LUT depth     ; 2.93                        ;
+-----------------------+-----------------------------+


+-------------------------------+
; Elapsed Time Per Partition    ;
+----------------+--------------+
; Partition Name ; Elapsed Time ;
+----------------+--------------+
; Top            ; 00:00:00     ;
+----------------+--------------+


+-------------------------------+
; Analysis & Synthesis Messages ;
+-------------------------------+
Info: *******************************************************************
Info: Running Quartus Prime Analysis & Synthesis
    Info: Version 18.0.0 Build 614 04/24/2018 SJ Lite Edition
    Info: Processing started: Fri Oct 26 18:57:39 2018
Info: Command: quartus_map --read_settings_files=on --write_settings_files=off ULA -c ULA
Warning (18236): Number of processors has not been specified which may cause overloading on shared machines.  Set the global assignment NUM_PARALLEL_PROCESSORS in your QSF to an appropriate value for best performance.
Info (20030): Parallel compilation is enabled and will use 2 of the 2 processors detected
Info (12021): Found 2 design units, including 1 entities, in source file adder16bits.vhd
    Info (12022): Found design unit 1: Adder16Bits-behavior File: C:/Users/Kook Ho/Desktop/LabAOC/Componentes/ULA/Adder16Bits.vhd Line: 13
    Info (12023): Found entity 1: Adder16Bits File: C:/Users/Kook Ho/Desktop/LabAOC/Componentes/ULA/Adder16Bits.vhd Line: 6
Info (12021): Found 2 design units, including 1 entities, in source file subtractor.vhd
    Info (12022): Found design unit 1: Subtractor-behavior File: C:/Users/Kook Ho/Desktop/LabAOC/Componentes/ULA/Subtractor.vhd Line: 13
    Info (12023): Found entity 1: Subtractor File: C:/Users/Kook Ho/Desktop/LabAOC/Componentes/ULA/Subtractor.vhd Line: 6
Info (12021): Found 2 design units, including 1 entities, in source file andport.vhd
    Info (12022): Found design unit 1: ANDPort-behavior File: C:/Users/Kook Ho/Desktop/LabAOC/Componentes/ULA/ANDPort.vhd Line: 13
    Info (12023): Found entity 1: ANDPort File: C:/Users/Kook Ho/Desktop/LabAOC/Componentes/ULA/ANDPort.vhd Line: 4
Info (12021): Found 2 design units, including 1 entities, in source file notport.vhd
    Info (12022): Found design unit 1: NOTPort-behavior File: C:/Users/Kook Ho/Desktop/LabAOC/Componentes/ULA/NOTPort.vhd Line: 11
    Info (12023): Found entity 1: NOTPort File: C:/Users/Kook Ho/Desktop/LabAOC/Componentes/ULA/NOTPort.vhd Line: 4
Info (12021): Found 2 design units, including 1 entities, in source file orport.vhd
    Info (12022): Found design unit 1: ORPort-behavior File: C:/Users/Kook Ho/Desktop/LabAOC/Componentes/ULA/ORPort.vhd Line: 11
    Info (12023): Found entity 1: ORPort File: C:/Users/Kook Ho/Desktop/LabAOC/Componentes/ULA/ORPort.vhd Line: 4
Info (12021): Found 2 design units, including 1 entities, in source file xorport.vhd
    Info (12022): Found design unit 1: XORPort-behavior File: C:/Users/Kook Ho/Desktop/LabAOC/Componentes/ULA/XORPort.vhd Line: 11
    Info (12023): Found entity 1: XORPort File: C:/Users/Kook Ho/Desktop/LabAOC/Componentes/ULA/XORPort.vhd Line: 4
Info (12021): Found 2 design units, including 1 entities, in source file ula.vhd
    Info (12022): Found design unit 1: ULA-behavior File: C:/Users/Kook Ho/Desktop/LabAOC/Componentes/ULA/ULA.vhd Line: 15
    Info (12023): Found entity 1: ULA File: C:/Users/Kook Ho/Desktop/LabAOC/Componentes/ULA/ULA.vhd Line: 6
Info (12021): Found 2 design units, including 1 entities, in source file nandport.vhd
    Info (12022): Found design unit 1: NANDPort-behavior File: C:/Users/Kook Ho/Desktop/LabAOC/Componentes/ULA/NANDPort.vhd Line: 11
    Info (12023): Found entity 1: NANDPort File: C:/Users/Kook Ho/Desktop/LabAOC/Componentes/ULA/NANDPort.vhd Line: 4
Info (12021): Found 2 design units, including 1 entities, in source file norport.vhd
    Info (12022): Found design unit 1: NORPort-behavior File: C:/Users/Kook Ho/Desktop/LabAOC/Componentes/ULA/NORPort.vhd Line: 11
    Info (12023): Found entity 1: NORPort File: C:/Users/Kook Ho/Desktop/LabAOC/Componentes/ULA/NORPort.vhd Line: 4
Info (12021): Found 2 design units, including 1 entities, in source file themultiplexador.vhd
    Info (12022): Found design unit 1: TheMultiplexador-behavior File: C:/Users/Kook Ho/Desktop/LabAOC/Componentes/ULA/TheMultiplexador.vhd Line: 13
    Info (12023): Found entity 1: TheMultiplexador File: C:/Users/Kook Ho/Desktop/LabAOC/Componentes/ULA/TheMultiplexador.vhd Line: 4
Info (12021): Found 2 design units, including 1 entities, in source file shiftdir.vhd
    Info (12022): Found design unit 1: ShiftDir-behavior File: C:/Users/Kook Ho/Desktop/LabAOC/Componentes/ULA/ShiftDir.vhd Line: 12
    Info (12023): Found entity 1: ShiftDir File: C:/Users/Kook Ho/Desktop/LabAOC/Componentes/ULA/ShiftDir.vhd Line: 6
Info (12021): Found 2 design units, including 1 entities, in source file shiftesq.vhd
    Info (12022): Found design unit 1: ShiftEsq-behavior File: C:/Users/Kook Ho/Desktop/LabAOC/Componentes/ULA/ShiftEsq.vhd Line: 12
    Info (12023): Found entity 1: ShiftEsq File: C:/Users/Kook Ho/Desktop/LabAOC/Componentes/ULA/ShiftEsq.vhd Line: 6
Info (12127): Elaborating entity "ULA" for the top level hierarchy
Info (12128): Elaborating entity "NOTPort" for hierarchy "NOTPort:G1" File: C:/Users/Kook Ho/Desktop/LabAOC/Componentes/ULA/ULA.vhd Line: 99
Info (12128): Elaborating entity "ANDPort" for hierarchy "ANDPort:G2" File: C:/Users/Kook Ho/Desktop/LabAOC/Componentes/ULA/ULA.vhd Line: 100
Info (12128): Elaborating entity "XORPort" for hierarchy "XORPort:G3" File: C:/Users/Kook Ho/Desktop/LabAOC/Componentes/ULA/ULA.vhd Line: 101
Info (12128): Elaborating entity "ORPort" for hierarchy "XORPort:G3|ORPort:G5" File: C:/Users/Kook Ho/Desktop/LabAOC/Componentes/ULA/XORPort.vhd Line: 43
Info (12128): Elaborating entity "Adder16Bits" for hierarchy "Adder16Bits:G5" File: C:/Users/Kook Ho/Desktop/LabAOC/Componentes/ULA/ULA.vhd Line: 103
Info (12128): Elaborating entity "Subtractor" for hierarchy "Subtractor:G6" File: C:/Users/Kook Ho/Desktop/LabAOC/Componentes/ULA/ULA.vhd Line: 104
Info (12128): Elaborating entity "NANDPort" for hierarchy "NANDPort:G7" File: C:/Users/Kook Ho/Desktop/LabAOC/Componentes/ULA/ULA.vhd Line: 105
Info (12128): Elaborating entity "NORPort" for hierarchy "NORPort:G8" File: C:/Users/Kook Ho/Desktop/LabAOC/Componentes/ULA/ULA.vhd Line: 106
Info (12128): Elaborating entity "ShiftDir" for hierarchy "ShiftDir:G9" File: C:/Users/Kook Ho/Desktop/LabAOC/Componentes/ULA/ULA.vhd Line: 107
Info (12128): Elaborating entity "ShiftEsq" for hierarchy "ShiftEsq:G10" File: C:/Users/Kook Ho/Desktop/LabAOC/Componentes/ULA/ULA.vhd Line: 108
Info (12128): Elaborating entity "TheMultiplexador" for hierarchy "TheMultiplexador:G11" File: C:/Users/Kook Ho/Desktop/LabAOC/Componentes/ULA/ULA.vhd Line: 109
Warning (10492): VHDL Process Statement warning at TheMultiplexador.vhd(19): signal "Sum" is read inside the Process Statement but isn't in the Process Statement's sensitivity list File: C:/Users/Kook Ho/Desktop/LabAOC/Componentes/ULA/TheMultiplexador.vhd Line: 19
Warning (10492): VHDL Process Statement warning at TheMultiplexador.vhd(20): signal "Sub" is read inside the Process Statement but isn't in the Process Statement's sensitivity list File: C:/Users/Kook Ho/Desktop/LabAOC/Componentes/ULA/TheMultiplexador.vhd Line: 20
Warning (10492): VHDL Process Statement warning at TheMultiplexador.vhd(21): signal "A" is read inside the Process Statement but isn't in the Process Statement's sensitivity list File: C:/Users/Kook Ho/Desktop/LabAOC/Componentes/ULA/TheMultiplexador.vhd Line: 21
Warning (10492): VHDL Process Statement warning at TheMultiplexador.vhd(22): signal "NO" is read inside the Process Statement but isn't in the Process Statement's sensitivity list File: C:/Users/Kook Ho/Desktop/LabAOC/Componentes/ULA/TheMultiplexador.vhd Line: 22
Warning (10492): VHDL Process Statement warning at TheMultiplexador.vhd(23): signal "O" is read inside the Process Statement but isn't in the Process Statement's sensitivity list File: C:/Users/Kook Ho/Desktop/LabAOC/Componentes/ULA/TheMultiplexador.vhd Line: 23
Warning (10492): VHDL Process Statement warning at TheMultiplexador.vhd(24): signal "NA" is read inside the Process Statement but isn't in the Process Statement's sensitivity list File: C:/Users/Kook Ho/Desktop/LabAOC/Componentes/ULA/TheMultiplexador.vhd Line: 24
Warning (10492): VHDL Process Statement warning at TheMultiplexador.vhd(25): signal "NR" is read inside the Process Statement but isn't in the Process Statement's sensitivity list File: C:/Users/Kook Ho/Desktop/LabAOC/Componentes/ULA/TheMultiplexador.vhd Line: 25
Warning (10492): VHDL Process Statement warning at TheMultiplexador.vhd(26): signal "X" is read inside the Process Statement but isn't in the Process Statement's sensitivity list File: C:/Users/Kook Ho/Desktop/LabAOC/Componentes/ULA/TheMultiplexador.vhd Line: 26
Warning (10492): VHDL Process Statement warning at TheMultiplexador.vhd(27): signal "ShiftL" is read inside the Process Statement but isn't in the Process Statement's sensitivity list File: C:/Users/Kook Ho/Desktop/LabAOC/Componentes/ULA/TheMultiplexador.vhd Line: 27
Warning (10492): VHDL Process Statement warning at TheMultiplexador.vhd(28): signal "ShiftR" is read inside the Process Statement but isn't in the Process Statement's sensitivity list File: C:/Users/Kook Ho/Desktop/LabAOC/Componentes/ULA/TheMultiplexador.vhd Line: 28
Info (286030): Timing-Driven Synthesis is running
Info (16010): Generating hard_block partition "hard_block:auto_generated_inst"
    Info (16011): Adding 0 node(s), including 0 DDIO, 0 PLL, 0 transceiver and 0 LCELL
Info (21057): Implemented 91 device resources after synthesis - the final resource count might be different
    Info (21058): Implemented 36 input pins
    Info (21059): Implemented 16 output pins
    Info (21061): Implemented 39 logic cells
Info: Quartus Prime Analysis & Synthesis was successful. 0 errors, 11 warnings
    Info: Peak virtual memory: 776 megabytes
    Info: Processing ended: Fri Oct 26 18:57:54 2018
    Info: Elapsed time: 00:00:15
    Info: Total CPU time (on all processors): 00:00:32


